<?xml version="1.0" encoding="UTF-8"?>
<testsuite xmlns:xsi="http://www.w3.org/2001/XMLSchema-instance" xsi:noNamespaceSchemaLocation="https://maven.apache.org/surefire/maven-surefire-plugin/xsd/surefire-test-report-3.0.xsd" version="3.0" name="com.alisher.httpbin.runners.CucumberTest" time="33.685" tests="15" errors="0" skipped="0" failures="0">
  <properties>
[...]
</properties>
  <testcase name="GET /get returns 200 and echoes query param" classname="httpbin GET endpoint basic checks" time="2.651">
    <system-out><![CDATA[
Scenario: GET /get returns 200 and echoes query param             &amp#27;[90m# features/httpbin_get.feature:3&amp#27;[0m
  &amp#27;[32mGiven &amp#27;[0m&amp#27;[32mhttpbin base is configured&amp#27;[0m                                &amp#27;[90m# com.alisher.httpbin.steps.HttpBinSteps.httpbin_base_is_configured()&amp#27;[0m
  &amp#27;[32mAnd &amp#27;[0m&amp#27;[32mquery param &amp#27;[0m&amp#27;[32m&amp#27;[1m"course"&amp#27;[0m&amp#27;[32m equals &amp#27;[0m&amp#27;[32m&amp#27;[1m"api-testing"&amp#27;[0m                   &amp#27;[90m# com.alisher.httpbin.steps.HttpBinSteps.query_param_equals(java.lang.String,java.lang.String)&amp#27;[0m
  &amp#27;[32mWhen &amp#27;[0m&amp#27;[32mI send GET request to &amp#27;[0m&amp#27;[32m&amp#27;[1m"/get"&amp#27;[0m                               &amp#27;[90m# com.alisher.httpbin.steps.HttpBinSteps.i_send_get_request_to(java.lang.String)&amp#27;[0m
  &amp#27;[32mThen &amp#27;[0m&amp#27;[32mstatus code should be &amp#27;[0m&amp#27;[32m&amp#27;[1m200&amp#27;[0m                                  &amp#27;[90m# com.alisher.httpbin.steps.HttpBinSteps.status_code_should_be(java.lang.Integer)&amp#27;[0m
  &amp#27;[32mAnd &amp#27;[0m&amp#27;[32mresponse JSON path &amp#27;[0m&amp#27;[32m&amp#27;[1m"args.course"&amp#27;[0m&amp#27;[32m should equal &amp#27;[0m&amp#27;[32m&amp#27;[1m"api-testing"&amp#27;[0m &amp#27;[90m# com.alisher.httpbin.steps.HttpBinSteps.response_json_path_should_equal(java.lang.String,java.lang.String)&amp#27;[0m
]]></system-out>
  </testcase>
  <testcase name="GET /get with multiple query parameters" classname="httpbin GET endpoint basic checks" time="3.176">
    <system-out><![CDATA[
Scenario: GET /get with multiple query parameters        &amp#27;[90m# features/httpbin_get.feature:10&amp#27;[0m
  &amp#27;[32mGiven &amp#27;[0m&amp#27;[32mhttpbin base is configured&amp#27;[0m                       &amp#27;[90m# com.alisher.httpbin.steps.HttpBinSteps.httpbin_base_is_configured()&amp#27;[0m
  &amp#27;[32mAnd &amp#27;[0m&amp#27;[32mquery param &amp#27;[0m&amp#27;[32m&amp#27;[1m"name"&amp#27;[0m&amp#27;[32m equals &amp#27;[0m&amp#27;[32m&amp#27;[1m"John"&amp#27;[0m                   &amp#27;[90m# com.alisher.httpbin.steps.HttpBinSteps.query_param_equals(java.lang.String,java.lang.String)&amp#27;[0m
  &amp#27;[32mAnd &amp#27;[0m&amp#27;[32mquery param &amp#27;[0m&amp#27;[32m&amp#27;[1m"age"&amp#27;[0m&amp#27;[32m equals &amp#27;[0m&amp#27;[32m&amp#27;[1m"30"&amp#27;[0m                      &amp#27;[90m# com.alisher.httpbin.steps.HttpBinSteps.query_param_equals(java.lang.String,java.lang.String)&amp#27;[0m
  &amp#27;[32mWhen &amp#27;[0m&amp#27;[32mI send GET request to &amp#27;[0m&amp#27;[32m&amp#27;[1m"/get"&amp#27;[0m                      &amp#27;[90m# com.alisher.httpbin.steps.HttpBinSteps.i_send_get_request_to(java.lang.String)&amp#27;[0m
  &amp#27;[32mThen &amp#27;[0m&amp#27;[32mstatus code should be &amp#27;[0m&amp#27;[32m&amp#27;[1m200&amp#27;[0m                         &amp#27;[90m# com.alisher.httpbin.steps.HttpBinSteps.status_code_should_be(java.lang.Integer)&amp#27;[0m
  &amp#27;[32mAnd &amp#27;[0m&amp#27;[32mresponse JSON path &amp#27;[0m&amp#27;[32m&amp#27;[1m"args.name"&amp#27;[0m&amp#27;[32m should equal &amp#27;[0m&amp#27;[32m&amp#27;[1m"John"&amp#27;[0m &amp#27;[90m# com.alisher.httpbin.steps.HttpBinSteps.response_json_path_should_equal(java.lang.String,java.lang.String)&amp#27;[0m
  &amp#27;[32mAnd &amp#27;[0m&amp#27;[32mresponse JSON path &amp#27;[0m&amp#27;[32m&amp#27;[1m"args.age"&amp#27;[0m&amp#27;[32m should equal &amp#27;[0m&amp#27;[32m&amp#27;[1m"30"&amp#27;[0m    &amp#27;[90m# com.alisher.httpbin.steps.HttpBinSteps.response_json_path_should_equal(java.lang.String,java.lang.String)&amp#27;[0m
]]></system-out>
  </testcase>
  <testcase name="GET /headers returns request headers" classname="httpbin GET endpoint basic checks" time="2.086">
    <system-out><![CDATA[
Scenario: GET /headers returns request headers                               &amp#27;[90m# features/httpbin_get.feature:19&amp#27;[0m
  &amp#27;[32mGiven &amp#27;[0m&amp#27;[32mhttpbin base is configured&amp#27;[0m                                           &amp#27;[90m# com.alisher.httpbin.steps.HttpBinSteps.httpbin_base_is_configured()&amp#27;[0m
  &amp#27;[32mAnd &amp#27;[0m&amp#27;[32mheader &amp#27;[0m&amp#27;[32m&amp#27;[1m"X-Custom-Header"&amp#27;[0m&amp#27;[32m equals &amp#27;[0m&amp#27;[32m&amp#27;[1m"test-value"&amp#27;[0m                           &amp#27;[90m# com.alisher.httpbin.steps.HttpBinSteps.header_equals(java.lang.String,java.lang.String)&amp#27;[0m
  &amp#27;[32mWhen &amp#27;[0m&amp#27;[32mI send GET request to &amp#27;[0m&amp#27;[32m&amp#27;[1m"/headers"&amp#27;[0m                                      &amp#27;[90m# com.alisher.httpbin.steps.HttpBinSteps.i_send_get_request_to(java.lang.String)&amp#27;[0m
  &amp#27;[32mThen &amp#27;[0m&amp#27;[32mstatus code should be &amp#27;[0m&amp#27;[32m&amp#27;[1m200&amp#27;[0m                                             &amp#27;[90m# com.alisher.httpbin.steps.HttpBinSteps.status_code_should_be(java.lang.Integer)&amp#27;[0m
  &amp#27;[32mAnd &amp#27;[0m&amp#27;[32mresponse JSON path &amp#27;[0m&amp#27;[32m&amp#27;[1m"headers.X-Custom-Header"&amp#27;[0m&amp#27;[32m should equal &amp#27;[0m&amp#27;[32m&amp#27;[1m"test-value"&amp#27;[0m &amp#27;[90m# com.alisher.httpbin.steps.HttpBinSteps.response_json_path_should_equal(java.lang.String,java.lang.String)&amp#27;[0m
]]></system-out>
  </testcase>
  <testcase name="GET /user-agent returns user agent" classname="httpbin GET endpoint basic checks" time="2.075">
    <system-out><![CDATA[
Scenario: GET /user-agent returns user agent              &amp#27;[90m# features/httpbin_get.feature:26&amp#27;[0m
  &amp#27;[32mGiven &amp#27;[0m&amp#27;[32mhttpbin base is configured&amp#27;[0m                        &amp#27;[90m# com.alisher.httpbin.steps.HttpBinSteps.httpbin_base_is_configured()&amp#27;[0m
  &amp#27;[32mWhen &amp#27;[0m&amp#27;[32mI send GET request to &amp#27;[0m&amp#27;[32m&amp#27;[1m"/user-agent"&amp#27;[0m                &amp#27;[90m# com.alisher.httpbin.steps.HttpBinSteps.i_send_get_request_to(java.lang.String)&amp#27;[0m
  &amp#27;[32mThen &amp#27;[0m&amp#27;[32mstatus code should be &amp#27;[0m&amp#27;[32m&amp#27;[1m200&amp#27;[0m                          &amp#27;[90m# com.alisher.httpbin.steps.HttpBinSteps.status_code_should_be(java.lang.Integer)&amp#27;[0m
  &amp#27;[32mAnd &amp#27;[0m&amp#27;[32mresponse JSON path &amp#27;[0m&amp#27;[32m&amp#27;[1m"user-agent"&amp#27;[0m&amp#27;[32m should not be empty&amp#27;[0m &amp#27;[90m# com.alisher.httpbin.steps.HttpBinSteps.response_json_path_should_not_be_empty(java.lang.String)&amp#27;[0m
]]></system-out>
  </testcase>
  <testcase name="GET /ip returns client IP" classname="httpbin GET endpoint basic checks" time="3.461">
    <system-out><![CDATA[
Scenario: GET /ip returns client IP                   &amp#27;[90m# features/httpbin_get.feature:32&amp#27;[0m
  &amp#27;[32mGiven &amp#27;[0m&amp#27;[32mhttpbin base is configured&amp#27;[0m                    &amp#27;[90m# com.alisher.httpbin.steps.HttpBinSteps.httpbin_base_is_configured()&amp#27;[0m
  &amp#27;[32mWhen &amp#27;[0m&amp#27;[32mI send GET request to &amp#27;[0m&amp#27;[32m&amp#27;[1m"/ip"&amp#27;[0m                    &amp#27;[90m# com.alisher.httpbin.steps.HttpBinSteps.i_send_get_request_to(java.lang.String)&amp#27;[0m
  &amp#27;[32mThen &amp#27;[0m&amp#27;[32mstatus code should be &amp#27;[0m&amp#27;[32m&amp#27;[1m200&amp#27;[0m                      &amp#27;[90m# com.alisher.httpbin.steps.HttpBinSteps.status_code_should_be(java.lang.Integer)&amp#27;[0m
  &amp#27;[32mAnd &amp#27;[0m&amp#27;[32mresponse JSON path &amp#27;[0m&amp#27;[32m&amp#27;[1m"origin"&amp#27;[0m&amp#27;[32m should not be empty&amp#27;[0m &amp#27;[90m# com.alisher.httpbin.steps.HttpBinSteps.response_json_path_should_not_be_empty(java.lang.String)&amp#27;[0m
]]></system-out>
  </testcase>
  <testcase name="GET /status/200 returns 200" classname="Placeholder for additional Assignment 7 scenarios" time="4.025">
    <system-out><![CDATA[
Scenario: GET /status/200 returns 200      &amp#27;[90m# features/httpbin_misc.feature:3&amp#27;[0m
  &amp#27;[32mGiven &amp#27;[0m&amp#27;[32mhttpbin base is configured&amp#27;[0m         &amp#27;[90m# com.alisher.httpbin.steps.HttpBinSteps.httpbin_base_is_configured()&amp#27;[0m
  &amp#27;[32mWhen &amp#27;[0m&amp#27;[32mI send GET request to &amp#27;[0m&amp#27;[32m&amp#27;[1m"/status/200"&amp#27;[0m &amp#27;[90m# com.alisher.httpbin.steps.HttpBinSteps.i_send_get_request_to(java.lang.String)&amp#27;[0m
  &amp#27;[32mThen &amp#27;[0m&amp#27;[32mstatus code should be &amp#27;[0m&amp#27;[32m&amp#27;[1m200&amp#27;[0m           &amp#27;[90m# com.alisher.httpbin.steps.HttpBinSteps.status_code_should_be(java.lang.Integer)&amp#27;[0m
]]></system-out>
  </testcase>
  <testcase name="GET /uuid returns unique identifier" classname="Placeholder for additional Assignment 7 scenarios" time="0.996">
    <system-out><![CDATA[
Scenario: GET /uuid returns unique identifier       &amp#27;[90m# features/httpbin_misc.feature:8&amp#27;[0m
  &amp#27;[32mGiven &amp#27;[0m&amp#27;[32mhttpbin base is configured&amp#27;[0m                  &amp#27;[90m# com.alisher.httpbin.steps.HttpBinSteps.httpbin_base_is_configured()&amp#27;[0m
  &amp#27;[32mWhen &amp#27;[0m&amp#27;[32mI send GET request to &amp#27;[0m&amp#27;[32m&amp#27;[1m"/uuid"&amp#27;[0m                &amp#27;[90m# com.alisher.httpbin.steps.HttpBinSteps.i_send_get_request_to(java.lang.String)&amp#27;[0m
  &amp#27;[32mThen &amp#27;[0m&amp#27;[32mstatus code should be &amp#27;[0m&amp#27;[32m&amp#27;[1m200&amp#27;[0m                    &amp#27;[90m# com.alisher.httpbin.steps.HttpBinSteps.status_code_should_be(java.lang.Integer)&amp#27;[0m
  &amp#27;[32mAnd &amp#27;[0m&amp#27;[32mresponse JSON path &amp#27;[0m&amp#27;[32m&amp#27;[1m"uuid"&amp#27;[0m&amp#27;[32m should not be empty&amp#27;[0m &amp#27;[90m# com.alisher.httpbin.steps.HttpBinSteps.response_json_path_should_not_be_empty(java.lang.String)&amp#27;[0m
]]></system-out>
  </testcase>
  <testcase name="GET /anything returns all request details" classname="Placeholder for additional Assignment 7 scenarios" time="1.11">
    <system-out><![CDATA[
Scenario: GET /anything returns all request details       &amp#27;[90m# features/httpbin_misc.feature:14&amp#27;[0m
  &amp#27;[32mGiven &amp#27;[0m&amp#27;[32mhttpbin base is configured&amp#27;[0m                        &amp#27;[90m# com.alisher.httpbin.steps.HttpBinSteps.httpbin_base_is_configured()&amp#27;[0m
  &amp#27;[32mAnd &amp#27;[0m&amp#27;[32mquery param &amp#27;[0m&amp#27;[32m&amp#27;[1m"test"&amp#27;[0m&amp#27;[32m equals &amp#27;[0m&amp#27;[32m&amp#27;[1m"value"&amp#27;[0m                   &amp#27;[90m# com.alisher.httpbin.steps.HttpBinSteps.query_param_equals(java.lang.String,java.lang.String)&amp#27;[0m
  &amp#27;[32mWhen &amp#27;[0m&amp#27;[32mI send GET request to &amp#27;[0m&amp#27;[32m&amp#27;[1m"/anything/mypath"&amp#27;[0m           &amp#27;[90m# com.alisher.httpbin.steps.HttpBinSteps.i_send_get_request_to(java.lang.String)&amp#27;[0m
  &amp#27;[32mThen &amp#27;[0m&amp#27;[32mstatus code should be &amp#27;[0m&amp#27;[32m&amp#27;[1m200&amp#27;[0m                          &amp#27;[90m# com.alisher.httpbin.steps.HttpBinSteps.status_code_should_be(java.lang.Integer)&amp#27;[0m
  &amp#27;[32mAnd &amp#27;[0m&amp#27;[32mresponse JSON path &amp#27;[0m&amp#27;[32m&amp#27;[1m"args.test"&amp#27;[0m&amp#27;[32m should equal &amp#27;[0m&amp#27;[32m&amp#27;[1m"value"&amp#27;[0m &amp#27;[90m# com.alisher.httpbin.steps.HttpBinSteps.response_json_path_should_equal(java.lang.String,java.lang.String)&amp#27;[0m
]]></system-out>
  </testcase>
  <testcase name="GET /get with no parameters returns empty args" classname="Placeholder for additional Assignment 7 scenarios" time="0.957">
    <system-out><![CDATA[
Scenario: GET /get with no parameters returns empty args &amp#27;[90m# features/httpbin_misc.feature:21&amp#27;[0m
  &amp#27;[32mGiven &amp#27;[0m&amp#27;[32mhttpbin base is configured&amp#27;[0m                       &amp#27;[90m# com.alisher.httpbin.steps.HttpBinSteps.httpbin_base_is_configured()&amp#27;[0m
  &amp#27;[32mWhen &amp#27;[0m&amp#27;[32mI send GET request to &amp#27;[0m&amp#27;[32m&amp#27;[1m"/get"&amp#27;[0m                      &amp#27;[90m# com.alisher.httpbin.steps.HttpBinSteps.i_send_get_request_to(java.lang.String)&amp#27;[0m
  &amp#27;[32mThen &amp#27;[0m&amp#27;[32mstatus code should be &amp#27;[0m&amp#27;[32m&amp#27;[1m200&amp#27;[0m                         &amp#27;[90m# com.alisher.httpbin.steps.HttpBinSteps.status_code_should_be(java.lang.Integer)&amp#27;[0m
  &amp#27;[32mAnd &amp#27;[0m&amp#27;[32mresponse JSON path &amp#27;[0m&amp#27;[32m&amp#27;[1m"args"&amp#27;[0m&amp#27;[32m should not be empty&amp#27;[0m      &amp#27;[90m# com.alisher.httpbin.steps.HttpBinSteps.response_json_path_should_not_be_empty(java.lang.String)&amp#27;[0m
]]></system-out>
  </testcase>
  <testcase name="GET /base64 endpoint returns valid content" classname="Placeholder for additional Assignment 7 scenarios" time="1.861">
    <system-out><![CDATA[
Scenario: GET /base64 endpoint returns valid content            &amp#27;[90m# features/httpbin_misc.feature:27&amp#27;[0m
  &amp#27;[32mGiven &amp#27;[0m&amp#27;[32mhttpbin base is configured&amp#27;[0m                              &amp#27;[90m# com.alisher.httpbin.steps.HttpBinSteps.httpbin_base_is_configured()&amp#27;[0m
  &amp#27;[32mWhen &amp#27;[0m&amp#27;[32mI send GET request to &amp#27;[0m&amp#27;[32m&amp#27;[1m"/base64/SFRUUEJJTiBpcyBhd2Vzb21l"&amp#27;[0m &amp#27;[90m# com.alisher.httpbin.steps.HttpBinSteps.i_send_get_request_to(java.lang.String)&amp#27;[0m
  &amp#27;[32mThen &amp#27;[0m&amp#27;[32mstatus code should be &amp#27;[0m&amp#27;[32m&amp#27;[1m200&amp#27;[0m                                &amp#27;[90m# com.alisher.httpbin.steps.HttpBinSteps.status_code_should_be(java.lang.Integer)&amp#27;[0m
]]></system-out>
  </testcase>
  <testcase name="POST /post returns 200 and echoes JSON payload" classname="httpbin POST endpoint basic checks" time="1.395">
    <system-out><![CDATA[
Scenario: POST /post returns 200 and echoes JSON payload    &amp#27;[90m# features/httpbin_post.feature:3&amp#27;[0m
  &amp#27;[32mGiven &amp#27;[0m&amp#27;[32mhttpbin base is configured&amp#27;[0m                          &amp#27;[90m# com.alisher.httpbin.steps.HttpBinSteps.httpbin_base_is_configured()&amp#27;[0m
  &amp#27;[32mAnd &amp#27;[0m&amp#27;[32mheader &amp#27;[0m&amp#27;[32m&amp#27;[1m"Accept"&amp#27;[0m&amp#27;[32m equals &amp#27;[0m&amp#27;[32m&amp#27;[1m"application/json"&amp#27;[0m             &amp#27;[90m# com.alisher.httpbin.steps.HttpBinSteps.header_equals(java.lang.String,java.lang.String)&amp#27;[0m
  &amp#27;[32mAnd &amp#27;[0m&amp#27;[32mJSON body is&amp#27;[0m                                          &amp#27;[90m# com.alisher.httpbin.steps.HttpBinSteps.json_body_is(java.lang.String)&amp#27;[0m
  &amp#27;[32mWhen &amp#27;[0m&amp#27;[32mI send POST request to &amp#27;[0m&amp#27;[32m&amp#27;[1m"/post"&amp#27;[0m                       &amp#27;[90m# com.alisher.httpbin.steps.HttpBinSteps.i_send_post_request_to(java.lang.String)&amp#27;[0m
  &amp#27;[32mThen &amp#27;[0m&amp#27;[32mstatus code should be &amp#27;[0m&amp#27;[32m&amp#27;[1m200&amp#27;[0m                            &amp#27;[90m# com.alisher.httpbin.steps.HttpBinSteps.status_code_should_be(java.lang.Integer)&amp#27;[0m
  &amp#27;[32mAnd &amp#27;[0m&amp#27;[32mresponse JSON path &amp#27;[0m&amp#27;[32m&amp#27;[1m"json.name"&amp#27;[0m&amp#27;[32m should equal &amp#27;[0m&amp#27;[32m&amp#27;[1m"Alisher"&amp#27;[0m &amp#27;[90m# com.alisher.httpbin.steps.HttpBinSteps.response_json_path_should_equal(java.lang.String,java.lang.String)&amp#27;[0m
]]></system-out>
  </testcase>
  <testcase name="POST /post with complex JSON structure" classname="httpbin POST endpoint basic checks" time="1.06">
    <system-out><![CDATA[
Scenario: POST /post with complex JSON structure                       &amp#27;[90m# features/httpbin_post.feature:14&amp#27;[0m
  &amp#27;[32mGiven &amp#27;[0m&amp#27;[32mhttpbin base is configured&amp#27;[0m                                     &amp#27;[90m# com.alisher.httpbin.steps.HttpBinSteps.httpbin_base_is_configured()&amp#27;[0m
  &amp#27;[32mAnd &amp#27;[0m&amp#27;[32mJSON body is&amp#27;[0m                                                     &amp#27;[90m# com.alisher.httpbin.steps.HttpBinSteps.json_body_is(java.lang.String)&amp#27;[0m
  &amp#27;[32mWhen &amp#27;[0m&amp#27;[32mI send POST request to &amp#27;[0m&amp#27;[32m&amp#27;[1m"/post"&amp#27;[0m                                  &amp#27;[90m# com.alisher.httpbin.steps.HttpBinSteps.i_send_post_request_to(java.lang.String)&amp#27;[0m
  &amp#27;[32mThen &amp#27;[0m&amp#27;[32mstatus code should be &amp#27;[0m&amp#27;[32m&amp#27;[1m200&amp#27;[0m                                       &amp#27;[90m# com.alisher.httpbin.steps.HttpBinSteps.status_code_should_be(java.lang.Integer)&amp#27;[0m
  &amp#27;[32mAnd &amp#27;[0m&amp#27;[32mresponse JSON path &amp#27;[0m&amp#27;[32m&amp#27;[1m"json.user"&amp#27;[0m&amp#27;[32m should equal &amp#27;[0m&amp#27;[32m&amp#27;[1m"alice"&amp#27;[0m              &amp#27;[90m# com.alisher.httpbin.steps.HttpBinSteps.response_json_path_should_equal(java.lang.String,java.lang.String)&amp#27;[0m
  &amp#27;[32mAnd &amp#27;[0m&amp#27;[32mresponse JSON path &amp#27;[0m&amp#27;[32m&amp#27;[1m"json.email"&amp#27;[0m&amp#27;[32m should equal &amp#27;[0m&amp#27;[32m&amp#27;[1m"alice@example.com"&amp#27;[0m &amp#27;[90m# com.alisher.httpbin.steps.HttpBinSteps.response_json_path_should_equal(java.lang.String,java.lang.String)&amp#27;[0m
]]></system-out>
  </testcase>
  <testcase name="POST /post returns echoed data" classname="httpbin POST endpoint basic checks" time="4.23">
    <system-out><![CDATA[
Scenario: POST /post returns echoed data                           &amp#27;[90m# features/httpbin_post.feature:25&amp#27;[0m
  &amp#27;[32mGiven &amp#27;[0m&amp#27;[32mhttpbin base is configured&amp#27;[0m                                 &amp#27;[90m# com.alisher.httpbin.steps.HttpBinSteps.httpbin_base_is_configured()&amp#27;[0m
  &amp#27;[32mAnd &amp#27;[0m&amp#27;[32mJSON body is&amp#27;[0m                                                 &amp#27;[90m# com.alisher.httpbin.steps.HttpBinSteps.json_body_is(java.lang.String)&amp#27;[0m
  &amp#27;[32mWhen &amp#27;[0m&amp#27;[32mI send POST request to &amp#27;[0m&amp#27;[32m&amp#27;[1m"/post"&amp#27;[0m                              &amp#27;[90m# com.alisher.httpbin.steps.HttpBinSteps.i_send_post_request_to(java.lang.String)&amp#27;[0m
  &amp#27;[32mThen &amp#27;[0m&amp#27;[32mstatus code should be &amp#27;[0m&amp#27;[32m&amp#27;[1m200&amp#27;[0m                                   &amp#27;[90m# com.alisher.httpbin.steps.HttpBinSteps.status_code_should_be(java.lang.Integer)&amp#27;[0m
  &amp#27;[32mAnd &amp#27;[0m&amp#27;[32mresponse JSON path &amp#27;[0m&amp#27;[32m&amp#27;[1m"json.message"&amp#27;[0m&amp#27;[32m should equal &amp#27;[0m&amp#27;[32m&amp#27;[1m"hello world"&amp#27;[0m &amp#27;[90m# com.alisher.httpbin.steps.HttpBinSteps.response_json_path_should_equal(java.lang.String,java.lang.String)&amp#27;[0m
]]></system-out>
  </testcase>
  <testcase name="POST /post with array in JSON" classname="httpbin POST endpoint basic checks" time="3.371">
    <system-out><![CDATA[
Scenario: POST /post with array in JSON                   &amp#27;[90m# features/httpbin_post.feature:35&amp#27;[0m
  &amp#27;[32mGiven &amp#27;[0m&amp#27;[32mhttpbin base is configured&amp#27;[0m                        &amp#27;[90m# com.alisher.httpbin.steps.HttpBinSteps.httpbin_base_is_configured()&amp#27;[0m
  &amp#27;[32mAnd &amp#27;[0m&amp#27;[32mJSON body is&amp#27;[0m                                        &amp#27;[90m# com.alisher.httpbin.steps.HttpBinSteps.json_body_is(java.lang.String)&amp#27;[0m
  &amp#27;[32mWhen &amp#27;[0m&amp#27;[32mI send POST request to &amp#27;[0m&amp#27;[32m&amp#27;[1m"/post"&amp#27;[0m                     &amp#27;[90m# com.alisher.httpbin.steps.HttpBinSteps.i_send_post_request_to(java.lang.String)&amp#27;[0m
  &amp#27;[32mThen &amp#27;[0m&amp#27;[32mstatus code should be &amp#27;[0m&amp#27;[32m&amp#27;[1m200&amp#27;[0m                          &amp#27;[90m# com.alisher.httpbin.steps.HttpBinSteps.status_code_should_be(java.lang.Integer)&amp#27;[0m
  &amp#27;[32mAnd &amp#27;[0m&amp#27;[32mresponse JSON path &amp#27;[0m&amp#27;[32m&amp#27;[1m"json.items"&amp#27;[0m&amp#27;[32m should not be empty&amp#27;[0m &amp#27;[90m# com.alisher.httpbin.steps.HttpBinSteps.response_json_path_should_not_be_empty(java.lang.String)&amp#27;[0m
]]></system-out>
  </testcase>
  <testcase name="POST /post returns request headers" classname="httpbin POST endpoint basic checks" time="1.146">
    <system-out><![CDATA[
Scenario: POST /post returns request headers             &amp#27;[90m# features/httpbin_post.feature:45&amp#27;[0m
  &amp#27;[32mGiven &amp#27;[0m&amp#27;[32mhttpbin base is configured&amp#27;[0m                       &amp#27;[90m# com.alisher.httpbin.steps.HttpBinSteps.httpbin_base_is_configured()&amp#27;[0m
  &amp#27;[32mAnd &amp#27;[0m&amp#27;[32mJSON body is&amp#27;[0m                                       &amp#27;[90m# com.alisher.httpbin.steps.HttpBinSteps.json_body_is(java.lang.String)&amp#27;[0m
  &amp#27;[32mWhen &amp#27;[0m&amp#27;[32mI send POST request to &amp#27;[0m&amp#27;[32m&amp#27;[1m"/post"&amp#27;[0m                    &amp#27;[90m# com.alisher.httpbin.steps.HttpBinSteps.i_send_post_request_to(java.lang.String)&amp#27;[0m
  &amp#27;[32mThen &amp#27;[0m&amp#27;[32mstatus code should be &amp#27;[0m&amp#27;[32m&amp#27;[1m200&amp#27;[0m                         &amp#27;[90m# com.alisher.httpbin.steps.HttpBinSteps.status_code_should_be(java.lang.Integer)&amp#27;[0m
  &amp#27;[32mAnd &amp#27;[0m&amp#27;[32mresponse JSON path &amp#27;[0m&amp#27;[32m&amp#27;[1m"json.test"&amp#27;[0m&amp#27;[32m should equal &amp#27;[0m&amp#27;[32m&amp#27;[1m"data"&amp#27;[0m &amp#27;[90m# com.alisher.httpbin.steps.HttpBinSteps.response_json_path_should_equal(java.lang.String,java.lang.String)&amp#27;[0m
]]></system-out>
  </testcase>
</testsuite>