<?xml version="1.0" encoding="UTF-8"?>
<testsuite xmlns:xsi="http://www.w3.org/2001/XMLSchema-instance" xsi:noNamespaceSchemaLocation="https://maven.apache.org/surefire/maven-surefire-plugin/xsd/surefire-test-report-3.0.xsd" version="3.0" name="com.alisher.httpbin.runners.CucumberTest" time="15.177" tests="2" errors="0" skipped="0" failures="0">
  <properties>
[...]
</properties>
  <testcase name="GET /get returns 200 and echoes query param" classname="httpbin GET endpoint basic checks" time="6.729">
    <system-out><![CDATA[
Scenario: GET /get returns 200 and echoes query param             &amp#27;[90m# features/httpbin_get.feature:3&amp#27;[0m
  &amp#27;[32mGiven &amp#27;[0m&amp#27;[32mhttpbin base is configured&amp#27;[0m                                &amp#27;[90m# com.alisher.httpbin.steps.HttpBinSteps.httpbin_base_is_configured()&amp#27;[0m
  &amp#27;[32mAnd &amp#27;[0m&amp#27;[32mquery param &amp#27;[0m&amp#27;[32m&amp#27;[1m"course"&amp#27;[0m&amp#27;[32m equals &amp#27;[0m&amp#27;[32m&amp#27;[1m"api-testing"&amp#27;[0m                   &amp#27;[90m# com.alisher.httpbin.steps.HttpBinSteps.query_param_equals(java.lang.String,java.lang.String)&amp#27;[0m
  &amp#27;[32mWhen &amp#27;[0m&amp#27;[32mI send GET request to &amp#27;[0m&amp#27;[32m&amp#27;[1m"/get"&amp#27;[0m                               &amp#27;[90m# com.alisher.httpbin.steps.HttpBinSteps.i_send_get_request_to(java.lang.String)&amp#27;[0m
  &amp#27;[32mThen &amp#27;[0m&amp#27;[32mstatus code should be &amp#27;[0m&amp#27;[32m&amp#27;[1m200&amp#27;[0m                                  &amp#27;[90m# com.alisher.httpbin.steps.HttpBinSteps.status_code_should_be(java.lang.Integer)&amp#27;[0m
  &amp#27;[32mAnd &amp#27;[0m&amp#27;[32mresponse JSON path &amp#27;[0m&amp#27;[32m&amp#27;[1m"args.course"&amp#27;[0m&amp#27;[32m should equal &amp#27;[0m&amp#27;[32m&amp#27;[1m"api-testing"&amp#27;[0m &amp#27;[90m# com.alisher.httpbin.steps.HttpBinSteps.response_json_path_should_equal(java.lang.String,java.lang.String)&amp#27;[0m
]]></system-out>
  </testcase>
  <testcase name="POST /post returns 200 and echoes JSON payload" classname="httpbin POST endpoint basic checks" time="8.333">
    <system-out><![CDATA[
Scenario: POST /post returns 200 and echoes JSON payload    &amp#27;[90m# features/httpbin_post.feature:3&amp#27;[0m
  &amp#27;[32mGiven &amp#27;[0m&amp#27;[32mhttpbin base is configured&amp#27;[0m                          &amp#27;[90m# com.alisher.httpbin.steps.HttpBinSteps.httpbin_base_is_configured()&amp#27;[0m
  &amp#27;[32mAnd &amp#27;[0m&amp#27;[32mheader &amp#27;[0m&amp#27;[32m&amp#27;[1m"Accept"&amp#27;[0m&amp#27;[32m equals &amp#27;[0m&amp#27;[32m&amp#27;[1m"application/json"&amp#27;[0m             &amp#27;[90m# com.alisher.httpbin.steps.HttpBinSteps.header_equals(java.lang.String,java.lang.String)&amp#27;[0m
  &amp#27;[32mAnd &amp#27;[0m&amp#27;[32mJSON body is&amp#27;[0m                                          &amp#27;[90m# com.alisher.httpbin.steps.HttpBinSteps.json_body_is(java.lang.String)&amp#27;[0m
  &amp#27;[32mWhen &amp#27;[0m&amp#27;[32mI send POST request to &amp#27;[0m&amp#27;[32m&amp#27;[1m"/post"&amp#27;[0m                       &amp#27;[90m# com.alisher.httpbin.steps.HttpBinSteps.i_send_post_request_to(java.lang.String)&amp#27;[0m
  &amp#27;[32mThen &amp#27;[0m&amp#27;[32mstatus code should be &amp#27;[0m&amp#27;[32m&amp#27;[1m200&amp#27;[0m                            &amp#27;[90m# com.alisher.httpbin.steps.HttpBinSteps.status_code_should_be(java.lang.Integer)&amp#27;[0m
  &amp#27;[32mAnd &amp#27;[0m&amp#27;[32mresponse JSON path &amp#27;[0m&amp#27;[32m&amp#27;[1m"json.name"&amp#27;[0m&amp#27;[32m should equal &amp#27;[0m&amp#27;[32m&amp#27;[1m"Alisher"&amp#27;[0m &amp#27;[90m# com.alisher.httpbin.steps.HttpBinSteps.response_json_path_should_equal(java.lang.String,java.lang.String)&amp#27;[0m
]]></system-out>
  </testcase>
</testsuite>